Support7Demos/app/build/outputs/logs/manifest-merger-debug-report.txt
-- Merging decision tree log ---
manifest
ADDED from AndroidManifest.xml:22:1
	xmlns:android
		ADDED from AndroidManifest.xml:22:11
	package
		ADDED from AndroidManifest.xml:23:5
		INJECTED from AndroidManifest.xml:0:0
		INJECTED from AndroidManifest.xml:0:0
uses-permission#android.permission.INTERNET
ADDED from AndroidManifest.xml:26:5
	android:name
		ADDED from AndroidManifest.xml:26:22
uses-permission#android.permission.SYSTEM_ALERT_WINDOW
ADDED from AndroidManifest.xml:29:5
	android:name
		ADDED from AndroidManifest.xml:29:22
uses-permission#android.permission.READ_EXTERNAL_STORAGE
ADDED from AndroidManifest.xml:32:5
	android:name
		ADDED from AndroidManifest.xml:32:22
uses-sdk
ADDED from AndroidManifest.xml:34:5
MERGED from com.android.support:appcompat-v7:22.2.0:20:5
MERGED from com.android.support:support-v4:22.2.0:20:5
MERGED from com.android.support:support-v4:22.2.0:20:5
MERGED from com.android.support:cardview-v7:22.2.0:20:5
MERGED from com.android.support:gridlayout-v7:22.2.0:20:5
MERGED from com.android.support:support-v4:22.2.0:20:5
MERGED from com.android.support:palette-v7:22.2.0:20:5
MERGED from com.android.support:support-v4:22.2.0:20:5
MERGED from com.android.support:mediarouter-v7:22.2.0:20:5
MERGED from com.android.support:appcompat-v7:22.2.0:20:5
MERGED from com.android.support:support-v4:22.2.0:20:5
MERGED from com.android.support:recyclerview-v7:22.2.0:20:5
MERGED from com.android.support:support-v4:22.2.0:20:5
	android:targetSdkVersion
		ADDED from AndroidManifest.xml:34:41
		INJECTED from AndroidManifest.xml:0:0
		INJECTED from AndroidManifest.xml:0:0
	android:minSdkVersion
		ADDED from AndroidManifest.xml:34:15
		INJECTED from AndroidManifest.xml:0:0
		INJECTED from AndroidManifest.xml:0:0
supports-screens
ADDED from AndroidManifest.xml:40:5
	android:requiresSmallestWidthDp
		ADDED from AndroidManifest.xml:40:23
	android:compatibleWidthLimitDp
		ADDED from AndroidManifest.xml:41:13
application
ADDED from AndroidManifest.xml:43:5
MERGED from com.android.support:appcompat-v7:22.2.0:22:5
MERGED from com.android.support:support-v4:22.2.0:22:5
MERGED from com.android.support:support-v4:22.2.0:22:5
MERGED from com.android.support:cardview-v7:22.2.0:22:5
MERGED from com.android.support:gridlayout-v7:22.2.0:22:5
MERGED from com.android.support:support-v4:22.2.0:22:5
MERGED from com.android.support:palette-v7:22.2.0:22:5
MERGED from com.android.support:support-v4:22.2.0:22:5
MERGED from com.android.support:mediarouter-v7:22.2.0:22:5
MERGED from com.android.support:appcompat-v7:22.2.0:22:5
MERGED from com.android.support:support-v4:22.2.0:22:5
MERGED from com.android.support:support-v4:22.2.0:22:5
	android:supportsRtl
		ADDED from AndroidManifest.xml:44:13
	android:label
		ADDED from AndroidManifest.xml:43:18
	android:icon
		ADDED from AndroidManifest.xml:45:13
	android:hardwareAccelerated
		ADDED from AndroidManifest.xml:46:13
activity#com.example.android.supportv7.Support7Demos
ADDED from AndroidManifest.xml:48:9
	android:name
		ADDED from AndroidManifest.xml:48:19
intent-filter#android.intent.action.MAIN+android.intent.category.DEFAULT+android.intent.category.LAUNCHER
ADDED from AndroidManifest.xml:49:13
action#android.intent.action.MAIN
ADDED from AndroidManifest.xml:50:17
	android:name
		ADDED from AndroidManifest.xml:50:25
category#android.intent.category.DEFAULT
ADDED from AndroidManifest.xml:51:17
	android:name
		ADDED from AndroidManifest.xml:51:27
category#android.intent.category.LAUNCHER
ADDED from AndroidManifest.xml:52:17
	android:name
		ADDED from AndroidManifest.xml:52:27
receiver#com.example.android.supportv7.media.SampleMediaButtonReceiver
ADDED from AndroidManifest.xml:55:9
	android:name
		ADDED from AndroidManifest.xml:55:19
intent-filter#android.intent.action.MEDIA_BUTTON
ADDED from AndroidManifest.xml:56:13
action#android.intent.action.MEDIA_BUTTON
ADDED from AndroidManifest.xml:57:17
	android:name
		ADDED from AndroidManifest.xml:57:25
activity#com.example.android.supportv7.media.SampleMediaRouterActivity
ADDED from AndroidManifest.xml:62:9
	android:label
		ADDED from AndroidManifest.xml:63:17
	android:theme
		ADDED from AndroidManifest.xml:64:17
	android:name
		ADDED from AndroidManifest.xml:62:19
intent-filter#android.intent.action.MAIN+com.example.android.supportv7.SAMPLE_CODE
ADDED from AndroidManifest.xml:65:13
category#com.example.android.supportv7.SAMPLE_CODE
ADDED from AndroidManifest.xml:67:17
	android:name
		ADDED from AndroidManifest.xml:67:27
activity#com.example.android.supportv7.media.SampleMediaRouterActivity$Light
ADDED from AndroidManifest.xml:71:9
	android:label
		ADDED from AndroidManifest.xml:72:17
	android:theme
		ADDED from AndroidManifest.xml:73:17
	android:name
		ADDED from AndroidManifest.xml:71:19
activity#com.example.android.supportv7.media.SampleMediaRouterActivity$LightWithDarkActionBar
ADDED from AndroidManifest.xml:80:9
	android:label
		ADDED from AndroidManifest.xml:81:17
	android:theme
		ADDED from AndroidManifest.xml:82:17
	android:name
		ADDED from AndroidManifest.xml:80:19
activity#com.example.android.supportv7.media.SampleMediaRouteSettingsActivity
ADDED from AndroidManifest.xml:89:9
	android:label
		ADDED from AndroidManifest.xml:90:17
	android:theme
		ADDED from AndroidManifest.xml:91:17
	android:name
		ADDED from AndroidManifest.xml:89:19
intent-filter#android.intent.action.MAIN
ADDED from AndroidManifest.xml:92:13
service#com.example.android.supportv7.media.SampleMediaRouteProviderService
ADDED from AndroidManifest.xml:97:9
	android:label
		ADDED from AndroidManifest.xml:98:17
	android:process
		ADDED from AndroidManifest.xml:99:17
	android:name
		ADDED from AndroidManifest.xml:97:18
intent-filter#android.media.MediaRouteProviderService
ADDED from AndroidManifest.xml:100:13
action#android.media.MediaRouteProviderService
ADDED from AndroidManifest.xml:101:17
	android:name
		ADDED from AndroidManifest.xml:101:25
activity#com.example.android.supportv7.view.GridLayout1
ADDED from AndroidManifest.xml:107:9
	android:label
		ADDED from AndroidManifest.xml:108:17
	android:name
		ADDED from AndroidManifest.xml:107:19
activity#com.example.android.supportv7.view.GridLayout2
ADDED from AndroidManifest.xml:115:9
	android:label
		ADDED from AndroidManifest.xml:116:17
	android:name
		ADDED from AndroidManifest.xml:115:19
activity#com.example.android.supportv7.view.GridLayout3
ADDED from AndroidManifest.xml:123:9
	android:label
		ADDED from AndroidManifest.xml:124:17
	android:name
		ADDED from AndroidManifest.xml:123:19
activity#com.example.android.supportv7.app.ActionBarMechanics
ADDED from AndroidManifest.xml:132:9
	android:label
		ADDED from AndroidManifest.xml:133:17
	android:theme
		ADDED from AndroidManifest.xml:134:17
	android:name
		ADDED from AndroidManifest.xml:132:19
activity#com.example.android.supportv7.app.SearchActivity
ADDED from AndroidManifest.xml:141:9
	android:name
		ADDED from AndroidManifest.xml:141:19
intent-filter#android.intent.action.SEARCH
ADDED from AndroidManifest.xml:142:13
action#android.intent.action.SEARCH
ADDED from AndroidManifest.xml:143:17
	android:name
		ADDED from AndroidManifest.xml:143:25
meta-data#android.app.searchable
ADDED from AndroidManifest.xml:146:13
	android:resource
		ADDED from AndroidManifest.xml:147:24
	android:name
		ADDED from AndroidManifest.xml:146:24
activity#com.example.android.supportv7.app.ActionBarUsage
ADDED from AndroidManifest.xml:151:9
	android:label
		ADDED from AndroidManifest.xml:152:17
	android:theme
		ADDED from AndroidManifest.xml:153:17
	android:name
		ADDED from AndroidManifest.xml:151:19
activity#com.example.android.supportv7.app.ActionBarDisplayOptions
ADDED from AndroidManifest.xml:160:9
	android:label
		ADDED from AndroidManifest.xml:161:17
	android:theme
		ADDED from AndroidManifest.xml:163:17
	android:name
		ADDED from AndroidManifest.xml:160:19
	android:logo
		ADDED from AndroidManifest.xml:162:17
activity#com.example.android.supportv7.app.ActionBarTabs
ADDED from AndroidManifest.xml:170:9
	android:label
		ADDED from AndroidManifest.xml:171:17
	android:theme
		ADDED from AndroidManifest.xml:172:17
	android:name
		ADDED from AndroidManifest.xml:170:19
activity#com.example.android.supportv7.app.ActionBarSettingsActionProviderActivity
ADDED from AndroidManifest.xml:179:9
	android:label
		ADDED from AndroidManifest.xml:180:17
	android:theme
		ADDED from AndroidManifest.xml:181:17
	android:name
		ADDED from AndroidManifest.xml:179:19
activity#com.example.android.supportv7.app.ActionBarFragmentMenu
ADDED from AndroidManifest.xml:188:9
	android:label
		ADDED from AndroidManifest.xml:189:17
	android:theme
		ADDED from AndroidManifest.xml:190:17
	android:name
		ADDED from AndroidManifest.xml:188:19
activity#com.example.android.supportv7.app.ActionBarWithDrawerLayout
ADDED from AndroidManifest.xml:197:9
	android:label
		ADDED from AndroidManifest.xml:198:17
	android:theme
		ADDED from AndroidManifest.xml:199:17
	android:name
		ADDED from AndroidManifest.xml:197:19
activity#com.example.android.supportv7.app.ActionBarPreferences
ADDED from AndroidManifest.xml:207:9
	android:label
		ADDED from AndroidManifest.xml:208:19
	android:theme
		ADDED from AndroidManifest.xml:209:19
	android:name
		ADDED from AndroidManifest.xml:207:19
activity#com.example.android.supportv7.app.ActionBarActionMode
ADDED from AndroidManifest.xml:216:9
	android:label
		ADDED from AndroidManifest.xml:217:19
	android:theme
		ADDED from AndroidManifest.xml:218:19
	android:name
		ADDED from AndroidManifest.xml:216:19
activity#com.example.android.supportv7.app.ActionBarHideOnScroll
ADDED from AndroidManifest.xml:225:9
	android:label
		ADDED from AndroidManifest.xml:226:19
	android:theme
		ADDED from AndroidManifest.xml:227:19
	android:name
		ADDED from AndroidManifest.xml:225:19
activity#com.example.android.supportv7.app.AppCompatWidgetsButtons
ADDED from AndroidManifest.xml:234:9
	android:label
		ADDED from AndroidManifest.xml:235:19
	android:theme
		ADDED from AndroidManifest.xml:236:19
	android:name
		ADDED from AndroidManifest.xml:234:19
activity#com.example.android.supportv7.app.AppCompatWidgetsSpinners
ADDED from AndroidManifest.xml:243:9
	android:label
		ADDED from AndroidManifest.xml:244:19
	android:theme
		ADDED from AndroidManifest.xml:245:19
	android:name
		ADDED from AndroidManifest.xml:243:19
activity#com.example.android.supportv7.app.AppCompatWidgetsTextInput
ADDED from AndroidManifest.xml:252:9
	android:label
		ADDED from AndroidManifest.xml:253:19
	android:theme
		ADDED from AndroidManifest.xml:254:19
	android:name
		ADDED from AndroidManifest.xml:252:19
activity#com.example.android.supportv7.app.ToolbarUsage
ADDED from AndroidManifest.xml:261:9
	android:label
		ADDED from AndroidManifest.xml:262:19
	android:theme
		ADDED from AndroidManifest.xml:263:19
	android:name
		ADDED from AndroidManifest.xml:261:19
meta-data#android.app.default_searchable
ADDED from AndroidManifest.xml:269:13
	android:name
		ADDED from AndroidManifest.xml:270:21
	android:value
		ADDED from AndroidManifest.xml:271:21
activity#com.example.android.supportv7.app.ToolbarDisplayOptions
ADDED from AndroidManifest.xml:274:9
	android:label
		ADDED from AndroidManifest.xml:275:19
	android:theme
		ADDED from AndroidManifest.xml:276:19
	android:name
		ADDED from AndroidManifest.xml:274:19
activity#com.example.android.supportv7.app.ToolbarFragmentPagerMenu
ADDED from AndroidManifest.xml:283:9
	android:label
		ADDED from AndroidManifest.xml:284:19
	android:theme
		ADDED from AndroidManifest.xml:285:19
	android:name
		ADDED from AndroidManifest.xml:283:19
activity#com.example.android.supportv7.app.ToolbarActionMode
ADDED from AndroidManifest.xml:292:9
	android:label
		ADDED from AndroidManifest.xml:293:19
	android:theme
		ADDED from AndroidManifest.xml:294:19
	android:name
		ADDED from AndroidManifest.xml:292:19
activity#com.example.android.supportv7.app.DialogUsage
ADDED from AndroidManifest.xml:301:9
	android:label
		ADDED from AndroidManifest.xml:302:19
	android:theme
		ADDED from AndroidManifest.xml:303:19
	android:name
		ADDED from AndroidManifest.xml:301:19
activity#com.example.android.supportv7.app.AlertDialogUsage
ADDED from AndroidManifest.xml:310:9
	android:label
		ADDED from AndroidManifest.xml:311:19
	android:theme
		ADDED from AndroidManifest.xml:312:19
	android:name
		ADDED from AndroidManifest.xml:310:19
provider#com.example.android.supportv7.app.RecentSuggestionsProvider
ADDED from AndroidManifest.xml:319:9
	android:authorities
		ADDED from AndroidManifest.xml:320:19
	android:name
		ADDED from AndroidManifest.xml:319:19
activity#com.example.android.supportv7.widget.RecyclerViewActivity
ADDED from AndroidManifest.xml:323:9
	android:label
		ADDED from AndroidManifest.xml:324:19
	android:theme
		ADDED from AndroidManifest.xml:325:19
	android:name
		ADDED from AndroidManifest.xml:323:19
activity#com.example.android.supportv7.widget.AnimatedRecyclerView
ADDED from AndroidManifest.xml:332:9
	android:label
		ADDED from AndroidManifest.xml:333:19
	android:theme
		ADDED from AndroidManifest.xml:334:19
	android:name
		ADDED from AndroidManifest.xml:332:19
activity#com.example.android.supportv7.widget.LinearLayoutManagerActivity
ADDED from AndroidManifest.xml:341:9
	android:label
		ADDED from AndroidManifest.xml:342:19
	android:theme
		ADDED from AndroidManifest.xml:343:19
	android:name
		ADDED from AndroidManifest.xml:341:19
activity#com.example.android.supportv7.util.SortedListActivity
ADDED from AndroidManifest.xml:350:9
	android:windowSoftInputMode
		ADDED from AndroidManifest.xml:352:19
	android:label
		ADDED from AndroidManifest.xml:351:19
	android:theme
		ADDED from AndroidManifest.xml:353:19
	android:name
		ADDED from AndroidManifest.xml:350:19
activity#com.example.android.supportv7.widget.GridLayoutManagerActivity
ADDED from AndroidManifest.xml:360:9
	android:label
		ADDED from AndroidManifest.xml:361:19
	android:theme
		ADDED from AndroidManifest.xml:362:19
	android:name
		ADDED from AndroidManifest.xml:360:19
activity#com.example.android.supportv7.view.CardViewActivity
ADDED from AndroidManifest.xml:369:9
	android:label
		ADDED from AndroidManifest.xml:370:19
	android:theme
		ADDED from AndroidManifest.xml:371:19
	android:name
		ADDED from AndroidManifest.xml:369:19
activity#com.example.android.supportv7.graphics.PaletteActivity
ADDED from AndroidManifest.xml:378:9
	android:label
		ADDED from AndroidManifest.xml:379:19
	android:theme
		ADDED from AndroidManifest.xml:380:19
	android:name
		ADDED from AndroidManifest.xml:378:19
activity#com.example.android.supportv7.graphics.PaletteDetailActivity
ADDED from AndroidManifest.xml:387:9
	android:label
		ADDED from AndroidManifest.xml:388:19
	android:theme
		ADDED from AndroidManifest.xml:389:19
	android:name
		ADDED from AndroidManifest.xml:387:19